<?xml version="1.0" encoding="UTF-8"?>
<coverage generated="1696501349266" clover="3.2.0">
  <project timestamp="1696501349266" name="All files">
    <metrics statements="24" coveredstatements="16" conditionals="2" coveredconditionals="1" methods="1" coveredmethods="1" elements="27" coveredelements="18" complexity="0" loc="24" ncloc="24" packages="1" files="2" classes="2"/>
    <file name="Title.tsx" path="/Users/codete/Documents/work/sonnen/component-lib-test/lib/components/Typography/Title.tsx">
      <metrics statements="21" coveredstatements="13" conditionals="2" coveredconditionals="1" methods="1" coveredmethods="1"/>
      <line num="1" count="1" type="stmt"/>
      <line num="2" count="1" type="stmt"/>
      <line num="3" count="1" type="stmt"/>
      <line num="4" count="1" type="stmt"/>
      <line num="5" count="1" type="stmt"/>
      <line num="6" count="1" type="stmt"/>
      <line num="7" count="1" type="stmt"/>
      <line num="8" count="1" type="stmt"/>
      <line num="9" count="1" type="cond" truecount="1" falsecount="0"/>
      <line num="10" count="2" type="stmt"/>
      <line num="11" count="2" type="cond" truecount="0" falsecount="1"/>
      <line num="12" count="0" type="stmt"/>
      <line num="13" count="0" type="stmt"/>
      <line num="14" count="0" type="stmt"/>
      <line num="15" count="0" type="stmt"/>
      <line num="16" count="0" type="stmt"/>
      <line num="17" count="0" type="stmt"/>
      <line num="18" count="0" type="stmt"/>
      <line num="19" count="0" type="stmt"/>
      <line num="20" count="1" type="stmt"/>
      <line num="21" count="1" type="stmt"/>
    </file>
    <file name="index.tsx" path="/Users/codete/Documents/work/sonnen/component-lib-test/lib/components/Typography/index.tsx">
      <metrics statements="3" coveredstatements="3" conditionals="0" coveredconditionals="0" methods="0" coveredmethods="0"/>
      <line num="1" count="1" type="stmt"/>
      <line num="2" count="1" type="stmt"/>
      <line num="3" count="1" type="stmt"/>
    </file>
  </project>
</coverage>
